     1                                  bits 32
     2                                  
     3                                  global start
     4                                  
     5                                  extern exit
     6                                  
     7                                  import exit msvcrt.dll
     8                                  
     9                                  segment data use32 class=data
    10 00000000 2B32326238365838            s1 db '+', '2', '2', 'b', '8', '6', 'X', '8'
    11                                      len1 equ $ - s1
    12 00000008 613435                      s2 db 'a', '4', '5'
    13                                      len2 equ $ - s2
    14 0000000B 00<rept>                    d times (len1 + len2) db 0
    15 00000016 02                          x db 2
    16                                      
    17                                      
    18                                  segment code use32 class=code
    19                                  start:
    20 00000000 BE[0A000000]                mov esi, s2 + len2 - 1
    21 00000005 BF[0B000000]                mov edi, d
    22 0000000A B903000000                  mov ecx, len2
    23 0000000F FC                          cld
    24                                      
    25                                      repeat:
    26 00000010 8B06                            mov eax, [esi]
    27 00000012 AA                              stosb
    28                                          
    29 00000013 4E                              dec esi
    30 00000014 E2FA                        loop repeat
    31                                      
    32 00000016 BE[00000000]                mov esi, s1
    33 0000001B BA00000000                  mov edx, 0
    34 00000020 BB00000000                  mov ebx, 0
    35 00000025 B908000000                  mov ecx, len1
    36                                      
    37                                      repeat2:
    38 0000002A AC                              lodsb
    39 0000002B 88C3                            mov bl, al
    40                                          
    41 0000002D 89D0                            mov eax, edx
    42 0000002F F635[16000000]                  div byte[x]
    43                                          
    44 00000035 80FC00                          cmp ah, 0
    45 00000038 7503                            jnz loop_end
    46                                          
    47 0000003A 89D8                            mov eax, ebx
    48 0000003C AA                              stosb
    49                                          
    50                                          loop_end
    50          ******************       warning: label alone on a line without a colon might be in error [-w+orphan-labels]
    51 0000003D 42                              inc edx
    52 0000003E E2EA                        loop repeat2
    53                                  
    54 00000040 6A00                        push dword 0
    55 00000042 FF15[00000000]              call [exit]
