     1                                  bits 32
     2                                  
     3                                  global start
     4                                  
     5                                  extern exit
     6                                  
     7                                  import exit msvcrt.dll
     8                                  
     9                                  segment data use32 class=data
    10 00000000 02                          x db 2
    11 00000001 010503080209                s db 1, 5, 3, 8, 2, 9
    12                                      len equ $ - s
    13 00000007 00<rept>                    d1 times len db 0
    14 0000000D 00<rept>                    d2 times len db 0
    15                                  
    16                                  segment code use32 class=code
    17                                  start:
    18 00000000 BE[01000000]                mov esi, s
    19 00000005 BF[07000000]                mov edi, d1
    20 0000000A FC                          cld
    21 0000000B B906000000                  mov ecx, len
    22                                   
    23                                      repeat:
    24 00000010 B800000000                      mov eax, 0
    25 00000015 AC                              lodsb
    26 00000016 89C3                            mov ebx, eax
    27                                          
    28 00000018 F635[00000000]                  div byte[x]
    29                                          
    30 0000001E B000                            mov al, 0
    31 00000020 38C4                            cmp ah, al
    32                                          
    33 00000022 7503                            jnz loop_end
    34                                          
    35 00000024 891F                            mov [edi], ebx
    36 00000026 47                              inc edi
    37                                          
    38                                          
    39                                          loop_end:
    40 00000027 E2E7                        loop repeat
    41                                      
    42 00000029 B906000000                  mov ecx, len
    43 0000002E BE[01000000]                mov esi, s
    44                                      
    45                                      repeat2:
    46 00000033 B800000000                      mov eax, 0
    47 00000038 AC                              lodsb
    48 00000039 89C3                            mov ebx, eax
    49                                          
    50 0000003B F635[00000000]                  div byte[x]
    51                                          
    52 00000041 B000                            mov al, 0
    53 00000043 38C4                            cmp ah, al
    54                                          
    55 00000045 7403                            jz loop_end2
    56                                          
    57 00000047 891F                            mov [edi], ebx
    58 00000049 47                              inc edi
    59                                          
    60                                          
    61                                          loop_end2:
    62 0000004A E2E7                        loop repeat2
    63                                      
    64 0000004C 6A00                        push dword 0
    65 0000004E FF15[00000000]              call [exit]
