     1                                  bits 32
     2                                  
     3                                  global start
     4                                  
     5                                  extern exit
     6                                  
     7                                  import exit msvcrt.dll
     8                                  
     9                                  segment data use32 class=data
    10 00000000 010503080209                s db 1, 5, 3, 8, 2, 9
    11                                      len equ $ - s
    12 00000006 00<rept>                    d1 times len db 0
    13 0000000C 00<rept>                    d2 times len db 0
    14 00000012 02                          x db 2
    15                                  
    16                                  segment code use32 class=code
    17                                  start:
    18 00000000 BE[00000000]                mov esi, s
    19 00000005 BF[06000000]                mov edi, d1
    20 0000000A B906000000                  mov ecx, len
    21 0000000F FC                          cld
    22 00000010 BA00000000                  mov edx, 0
    23                                      
    24                                      repeat:
    25 00000015 89D0                            mov eax, edx
    26                                          
    27 00000017 F635[12000000]                  div byte[x]
    28 0000001D B000                            mov al, 0
    29                                          
    30 0000001F 38C4                            cmp ah, al
    31                                          
    32 00000021 7503                            jnz loop_end
    33                                          
    34 00000023 AC                              lodsb
    35 00000024 AA                              stosb
    36 00000025 4E                              dec esi
    37                                      
    38                                          loop_end
    38          ******************       warning: label alone on a line without a colon might be in error [-w+orphan-labels]
    39 00000026 46                                  inc esi
    40 00000027 42                                  inc edx
    41 00000028 E2EB                        loop repeat
    42                                  
    43 0000002A BE[00000000]                mov esi, s
    44 0000002F BF[0C000000]                mov edi, d2
    45 00000034 BA00000000                  mov edx, 0
    46 00000039 B906000000                  mov ecx, len
    47                                      
    48                                      repeat2:
    49 0000003E 89D0                            mov eax, edx
    50                                          
    51 00000040 F635[12000000]                  div byte[x]
    52 00000046 B000                            mov al, 0
    53                                          
    54 00000048 38C4                            cmp ah, al
    55                                          
    56 0000004A 7403                            jz loop_end2
    57                                          
    58 0000004C AC                              lodsb
    59 0000004D AA                              stosb
    60 0000004E 4E                              dec esi
    61                                      
    62                                          loop_end2
    62          ******************       warning: label alone on a line without a colon might be in error [-w+orphan-labels]
    63 0000004F 46                                  inc esi
    64 00000050 42                                  inc edx
    65 00000051 E2EB                        loop repeat2
    66                                      
    67 00000053 6A00                        push dword 0
    68 00000055 FF15[00000000]              call [exit]
