     1                                  bits 32
     2                                  
     3                                  global start
     4                                  
     5                                  extern exit
     6                                  
     7                                  import exit msvcrt.dll
     8                                  
     9                                  segment data use32 class=data
    10 00000000 0103FEFB03F80500            s db 1, 3, -2, -5, 3, -8, 5, 0
    11                                      len equ $ - s
    12 00000008 00<rept>                    d1 times len db 0
    13 00000010 00<rept>                    d2 times len db 0
    14                                  
    15                                  segment code use32 class=code
    16                                  start:
    17 00000000 BE[00000000]                mov esi, s
    18 00000005 BF[08000000]                mov edi, d1
    19 0000000A B908000000                  mov ecx, len
    20 0000000F FC                          cld
    21                                      
    22                                      repeat:
    23 00000010 AC                              lodsb
    24 00000011 B400                            mov ah, 0
    25                                          
    26 00000013 38E0                            cmp al, ah
    27                                          
    28 00000015 7C01                            jl loop_end
    29 00000017 AA                              stosb
    30                                          
    31                                          loop_end:
    32                                      
    33 00000018 E2F6                        loop repeat
    34                                      
    35 0000001A BE[00000000]                mov esi, s
    36 0000001F BF[10000000]                mov edi, d2
    37 00000024 B908000000                  mov ecx, len
    38                                      
    39                                      repeat2:
    40 00000029 AC                              lodsb
    41 0000002A B400                            mov ah, 0
    42                                          
    43 0000002C 38E0                            cmp al, ah
    44                                          
    45 0000002E 7D01                            jge loop_end2
    46 00000030 AA                              stosb
    47                                          
    48                                          loop_end2:
    49                                      
    50 00000031 E2F6                        loop repeat2
    51                                      
    52 00000033 6A00                        push dword 0
    53 00000035 FF15[00000000]              call [exit]
