     1                                  bits 32
     2                                  
     3                                  global start
     4                                  
     5                                  extern exit
     6                                  
     7                                  import exit msvcrt.dll
     8                                  
     9                                  segment data use32 class=data
    10 00000000 010306020307                s1 db 1, 3, 6, 2, 3, 7
    11 00000006 060308010205                s2 db 6, 3, 8, 1, 2, 5
    12                                      len equ $ - s2
    13 0000000C 00<rept>                    d times len db 0
    14                                  
    15                                  segment code use32 class=code
    16                                  start:
    17 00000000 BE[00000000]                mov esi, s1
    18 00000005 BA[06000000]                mov edx, s2
    19 0000000A B906000000                  mov ecx, len
    20 0000000F FC                          cld
    21 00000010 BF[0C000000]                mov edi, d
    22                                      
    23                                      repeat:
    24 00000015 B800000000                      mov eax, 0
    25 0000001A BB00000000                      mov ebx, 0
    26 0000001F AC                              lodsb
    27 00000020 8B1A                            mov ebx, [edx]
    28 00000022 38D8                            cmp al, bl
    29                                          
    30 00000024 7702                            ja first_greater
    31 00000026 7603                            jbe second_greater
    32                                          
    33                                          first_greater:
    34 00000028 AA                                  stosb
    35                                              
    36 00000029 EB03                            jmp loop_end
    37                                          
    38                                          second_greater:
    39 0000002B 89D8                                mov eax, ebx
    40 0000002D AA                                  stosb
    41                                              
    42                                          loop_end:
    43 0000002E 42                                  inc edx
    44                                          
    45 0000002F E2E4                        loop repeat
    46                                      
    47 00000031 6A00                        push dword 0
    48 00000033 FF15[00000000]              call [exit]
