     1                                  bits 32
     2                                  
     3                                  global start
     4                                  
     5                                  extern exit
     6                                  
     7                                  import exit msvcrt.dll
     8                                  
     9                                  segment data use32 class=data
    10 00000000 0201FD03FC0206              a db 2, 1, -3, 3, -4, 2, 6
    11                                      len1 equ $ - a
    12 00000007 040507060201                b db 4, 5, 7, 6, 2, 1
    13                                      len2 equ $ - b
    14 0000000D 00<rept>                    r times (len1 + len2) db 0
    15                                      
    16                                  ; Obtain the string R by concatenating the elements of B in reverse order and the negative elements of A.
    17                                  segment code use32 class=code
    18                                  start:
    19 00000000 BE[0C000000]                mov esi, b + len2 - 1
    20 00000005 BF[0D000000]                mov edi, r
    21 0000000A B906000000                  mov ecx, len2
    22 0000000F FC                          cld
    23                                      
    24                                      repeat:
    25 00000010 AC                              lodsb
    26 00000011 AA                              stosb
    27                                          
    28 00000012 4E                              dec esi
    29 00000013 4E                              dec esi
    30 00000014 E2FA                        loop repeat
    31                                      
    32 00000016 B907000000                  mov ecx, len1
    33 0000001B BE[00000000]                mov esi, a
    34                                      
    35                                      repeat2:
    36 00000020 AC                              lodsb
    37 00000021 B400                            mov ah, 0
    38                                          
    39 00000023 38E0                            cmp al, ah
    40                                          
    41 00000025 7D01                            jge loop_end
    42 00000027 AA                              stosb
    43                                          
    44                                          loop_end:
    45 00000028 E2F6                        loop repeat2
    46                                  
    47 0000002A 6A00                        push dword 0
    48 0000002C FF15[00000000]              call [exit]
