     1                                  bits 32 
     2                                  
     3                                  global start
     4                                  
     5                                  extern exit
     6                                  
     7                                  import exit msvcrt.dll
     8                                  
     9                                  segment data use32 class=data
    10 00000000 0104020408020101            s db 1, 4, 2, 4, 8, 2, 1, 1
    11                                      len equ $ - s
    12 00000008 00<rept>                    d times len db 0
    13                                      
    14                                  segment code use32 class=code
    15                                  start:
    16 00000000 BE[00000000]                mov esi, s
    17 00000005 BF[08000000]                mov edi, d
    18 0000000A B908000000                  mov ecx, len
    19 0000000F FC                          cld
    20                                      
    21                                      repeat:
    22 00000010 AC                              lodsb
    23 00000011 89C2                            mov edx, eax
    24 00000013 56                              push esi
    25 00000014 51                              push ecx
    26                                          
    27 00000015 BE[08000000]                    mov esi, d
    28 0000001A B908000000                      mov ecx, len
    29                                          
    30                                          repeat2:
    31 0000001F AC                                  lodsb
    32                                              
    33 00000020 38C2                                cmp dl, al
    34 00000022 7407                                jz loop_end
    35                                              
    36 00000024 E2F9                            loop repeat2
    37 00000026 88D0                            mov al, dl
    38 00000028 AA                                  stosb
    39 00000029 EB00                                jmp loop_end
    40                                          
    41                                          loop_end:
    42 0000002B 59                                  pop ecx
    43 0000002C 5E                                  pop esi
    44 0000002D E2E1                        loop repeat
    45                                  
    46 0000002F 6A00                        push dword 0
    47 00000031 FF15[00000000]              call [exit]
