     1                                  bits 32
     2                                  
     3                                  global start
     4                                  
     5                                  extern exit
     6                                  
     7                                  import exit msvcrt.dll
     8                                  
     9                                  segment data use32 class=data
    10 00000000 0201FD00                    a db 2, 1, -3, 0
    11                                      len1 equ $ - a
    12 00000004 040507060201                b db 4, 5, 7, 6, 2, 1
    13                                      len2 equ $ - b
    14 0000000A 00<rept>                    r times (len1 + len2) db 0
    15                                  
    16                                  segment code use32 class=code
    17                                  start:
    18 00000000 BE[09000000]                mov esi, b + len2 - 1
    19 00000005 BF[0A000000]                mov edi, r
    20 0000000A B906000000                  mov ecx, len2
    21 0000000F FC                          cld
    22                                      
    23                                      repeat:
    24 00000010 AC                              lodsb
    25 00000011 AA                              stosb
    26 00000012 4E                              dec esi
    27 00000013 4E                              dec esi
    28 00000014 E2FA                        loop repeat
    29                                      
    30 00000016 BE[03000000]                mov esi, a + len1 - 1
    31 0000001B B904000000                  mov ecx, len1
    32                                      
    33                                      repeat2:
    34 00000020 AC                              lodsb
    35 00000021 AA                              stosb
    36 00000022 4E                              dec esi
    37 00000023 4E                              dec esi
    38 00000024 E2FA                        loop repeat2
    39                                  
    40 00000026 6A00                        push dword 0
    41 00000028 FF15[00000000]              call [exit]
