     1                                  bits 32
     2                                  
     3                                  global start
     4                                  
     5                                  extern exit
     6                                  
     7                                  import exit msvcrt.dll
     8                                  
     9                                  segment data use32 class=data
    10 00000000 01030507                    s1 db 1, 3, 5, 7
    11 00000004 02060904                    s2 db 2, 6, 9, 4
    12                                      len equ $ - s2
    13 00000008 00<rept>                    d times len db 0
    14                                  
    15                                  segment code use32 class=code
    16                                  start:
    17 00000000 BE[00000000]                mov esi, s1
    18 00000005 BF[08000000]                mov edi, d
    19 0000000A FC                          cld
    20 0000000B B904000000                  mov ecx, len
    21                                      
    22 00000010 BA[04000000]                mov edx, s2
    23                                      
    24                                      repeat:
    25 00000015 AC                              lodsb
    26 00000016 AA                              stosb
    27                                          
    28 00000017 8B02                            mov eax, [edx]
    29                                          
    30 00000019 8907                            mov [edi], eax
    31                                          
    32 0000001B 47                              inc edi
    33 0000001C 42                              inc edx
    34                                      
    35 0000001D E2F6                        loop repeat
    36                                  
    37                                      
    38                                  
    39 0000001F 6A00                        push dword 0
    40 00000021 FF15[00000000]              call [exit]
